{"total": {"lines":{"total":282,"covered":228,"skipped":0,"pct":80.85},"statements":{"total":313,"covered":242,"skipped":0,"pct":77.31},"functions":{"total":85,"covered":61,"skipped":0,"pct":71.76},"branches":{"total":272,"covered":151,"skipped":0,"pct":55.51},"branchesTrue":{"total":0,"covered":0,"skipped":0,"pct":100}}
,"/Users/shudipto/Projects/chess/src/hooks/use-chess-clock.js": {"lines":{"total":50,"covered":42,"skipped":0,"pct":84},"functions":{"total":13,"covered":9,"skipped":0,"pct":69.23},"statements":{"total":58,"covered":45,"skipped":0,"pct":77.58},"branches":{"total":29,"covered":22,"skipped":0,"pct":75.86}}
,"/Users/shudipto/Projects/chess/src/lib/base-url.js": {"lines":{"total":3,"covered":3,"skipped":0,"pct":100},"functions":{"total":1,"covered":1,"skipped":0,"pct":100},"statements":{"total":3,"covered":3,"skipped":0,"pct":100},"branches":{"total":2,"covered":1,"skipped":0,"pct":50}}
,"/Users/shudipto/Projects/chess/src/lib/opening-tutorials.js": {"lines":{"total":38,"covered":22,"skipped":0,"pct":57.89},"functions":{"total":13,"covered":7,"skipped":0,"pct":53.84},"statements":{"total":40,"covered":23,"skipped":0,"pct":57.5},"branches":{"total":98,"covered":52,"skipped":0,"pct":53.06}}
,"/Users/shudipto/Projects/chess/src/lib/progress.js": {"lines":{"total":60,"covered":60,"skipped":0,"pct":100},"functions":{"total":31,"covered":26,"skipped":0,"pct":83.87},"statements":{"total":71,"covered":66,"skipped":0,"pct":92.95},"branches":{"total":10,"covered":7,"skipped":0,"pct":70}}
,"/Users/shudipto/Projects/chess/src/lib/puzzle-quizzes.js": {"lines":{"total":34,"covered":14,"skipped":0,"pct":41.17},"functions":{"total":9,"covered":2,"skipped":0,"pct":22.22},"statements":{"total":36,"covered":14,"skipped":0,"pct":38.88},"branches":{"total":50,"covered":13,"skipped":0,"pct":26}}
,"/Users/shudipto/Projects/chess/src/lib/stockfish.js": {"lines":{"total":97,"covered":87,"skipped":0,"pct":89.69},"functions":{"total":18,"covered":16,"skipped":0,"pct":88.88},"statements":{"total":105,"covered":91,"skipped":0,"pct":86.66},"branches":{"total":83,"covered":56,"skipped":0,"pct":67.46}}
}
